This file contains any messages produced by compilers while
running configure, to aid debugging if configure makes a mistake.

It was created by oc-sp configure 0.61, which was
generated by GNU Autoconf 2.68.  Invocation command line was

  $ ./configure --with-matlab-path=/home/tanasaki/Programs/MATLAB --with-maintainers-makefile-targets

## --------- ##
## Platform. ##
## --------- ##

hostname = P150HMx
uname -m = i686
uname -r = 3.5.0-34-generic
uname -s = Linux
uname -v = #55~precise1-Ubuntu SMP Fri Jun 7 16:32:06 UTC 2013

/usr/bin/uname -p = unknown
/bin/uname -X     = unknown

/bin/arch              = unknown
/usr/bin/arch -k       = unknown
/usr/convex/getsysinfo = unknown
/usr/bin/hostinfo      = unknown
/bin/machine           = unknown
/usr/bin/oslevel       = unknown
/bin/universe          = unknown

PATH: /usr/lib/lightdm/lightdm
PATH: /usr/local/sbin
PATH: /usr/local/bin
PATH: /usr/sbin
PATH: /usr/bin
PATH: /sbin
PATH: /bin
PATH: /usr/games
PATH: /home/tanasaki/Programs/ModelSim/modeltech/linux
PATH: /home/tanasaki/Programs/ModelSim/modeltech/linux


## ----------- ##
## Core tests. ##
## ----------- ##

configure:2327: checking for a BSD-compatible install
configure:2395: result: /usr/bin/install -c
configure:2406: checking whether build environment is sane
configure:2456: result: yes
configure:2597: checking for a thread-safe mkdir -p
configure:2636: result: /bin/mkdir -p
configure:2649: checking for gawk
configure:2679: result: no
configure:2649: checking for mawk
configure:2665: found /usr/bin/mawk
configure:2676: result: mawk
configure:2687: checking whether make sets $(MAKE)
configure:2709: result: yes
configure:2852: checking for g++
configure:2868: found /usr/bin/g++
configure:2879: result: g++
configure:2906: checking for C++ compiler version
configure:2915: g++ --version >&5
g++ (Ubuntu/Linaro 4.6.4-1ubuntu1~12.04) 4.6.4
Copyright (C) 2011 Free Software Foundation, Inc.
This is free software; see the source for copying conditions.  There is NO
warranty; not even for MERCHANTABILITY or FITNESS FOR A PARTICULAR PURPOSE.

configure:2926: $? = 0
configure:2915: g++ -v >&5
Using built-in specs.
COLLECT_GCC=g++
COLLECT_LTO_WRAPPER=/usr/lib/gcc/i686-linux-gnu/4.6/lto-wrapper
Target: i686-linux-gnu
Configured with: ../src/configure -v --with-pkgversion='Ubuntu/Linaro 4.6.4-1ubuntu1~12.04' --with-bugurl=file:///usr/share/doc/gcc-4.6/README.Bugs --enable-languages=c,c++,fortran,objc,obj-c++ --prefix=/usr --program-suffix=-4.6 --enable-shared --enable-linker-build-id --with-system-zlib --libexecdir=/usr/lib --without-included-gettext --enable-threads=posix --with-gxx-include-dir=/usr/include/c++/4.6 --libdir=/usr/lib --enable-nls --with-sysroot=/ --enable-clocale=gnu --enable-libstdcxx-debug --enable-libstdcxx-time=yes --enable-gnu-unique-object --enable-plugin --enable-objc-gc --enable-targets=all --disable-werror --with-arch-32=i686 --with-tune=generic --enable-checking=release --build=i686-linux-gnu --host=i686-linux-gnu --target=i686-linux-gnu
Thread model: posix
gcc version 4.6.4 (Ubuntu/Linaro 4.6.4-1ubuntu1~12.04) 
configure:2926: $? = 0
configure:2915: g++ -V >&5
g++: error: unrecognized option '-V'
g++: fatal error: no input files
compilation terminated.
configure:2926: $? = 4
configure:2915: g++ -qversion >&5
g++: error: unrecognized option '-qversion'
g++: fatal error: no input files
compilation terminated.
configure:2926: $? = 4
configure:2946: checking whether the C++ compiler works
configure:2968: g++    conftest.cpp  >&5
configure:2972: $? = 0
configure:3020: result: yes
configure:3023: checking for C++ compiler default output file name
configure:3025: result: a.out
configure:3031: checking for suffix of executables
configure:3038: g++ -o conftest    conftest.cpp  >&5
configure:3042: $? = 0
configure:3064: result: 
configure:3086: checking whether we are cross compiling
configure:3094: g++ -o conftest    conftest.cpp  >&5
configure:3098: $? = 0
configure:3105: ./conftest
configure:3109: $? = 0
configure:3124: result: no
configure:3129: checking for suffix of object files
configure:3151: g++ -c   conftest.cpp >&5
configure:3155: $? = 0
configure:3176: result: o
configure:3180: checking whether we are using the GNU C++ compiler
configure:3199: g++ -c   conftest.cpp >&5
configure:3199: $? = 0
configure:3208: result: yes
configure:3217: checking whether g++ accepts -g
configure:3237: g++ -c -g  conftest.cpp >&5
configure:3237: $? = 0
configure:3278: result: yes
configure:3312: checking for style of include used by make
configure:3340: result: GNU
configure:3366: checking dependency style of g++
configure:3477: result: none
configure:3540: checking for gcc
configure:3556: found /usr/bin/gcc
configure:3567: result: gcc
configure:3796: checking for C compiler version
configure:3805: gcc --version >&5
gcc (Ubuntu/Linaro 4.6.4-1ubuntu1~12.04) 4.6.4
Copyright (C) 2011 Free Software Foundation, Inc.
This is free software; see the source for copying conditions.  There is NO
warranty; not even for MERCHANTABILITY or FITNESS FOR A PARTICULAR PURPOSE.

configure:3816: $? = 0
configure:3805: gcc -v >&5
Using built-in specs.
COLLECT_GCC=gcc
COLLECT_LTO_WRAPPER=/usr/lib/gcc/i686-linux-gnu/4.6/lto-wrapper
Target: i686-linux-gnu
Configured with: ../src/configure -v --with-pkgversion='Ubuntu/Linaro 4.6.4-1ubuntu1~12.04' --with-bugurl=file:///usr/share/doc/gcc-4.6/README.Bugs --enable-languages=c,c++,fortran,objc,obj-c++ --prefix=/usr --program-suffix=-4.6 --enable-shared --enable-linker-build-id --with-system-zlib --libexecdir=/usr/lib --without-included-gettext --enable-threads=posix --with-gxx-include-dir=/usr/include/c++/4.6 --libdir=/usr/lib --enable-nls --with-sysroot=/ --enable-clocale=gnu --enable-libstdcxx-debug --enable-libstdcxx-time=yes --enable-gnu-unique-object --enable-plugin --enable-objc-gc --enable-targets=all --disable-werror --with-arch-32=i686 --with-tune=generic --enable-checking=release --build=i686-linux-gnu --host=i686-linux-gnu --target=i686-linux-gnu
Thread model: posix
gcc version 4.6.4 (Ubuntu/Linaro 4.6.4-1ubuntu1~12.04) 
configure:3816: $? = 0
configure:3805: gcc -V >&5
gcc: error: unrecognized option '-V'
gcc: fatal error: no input files
compilation terminated.
configure:3816: $? = 4
configure:3805: gcc -qversion >&5
gcc: error: unrecognized option '-qversion'
gcc: fatal error: no input files
compilation terminated.
configure:3816: $? = 4
configure:3820: checking whether we are using the GNU C compiler
configure:3839: gcc -c   conftest.c >&5
configure:3839: $? = 0
configure:3848: result: yes
configure:3857: checking whether gcc accepts -g
configure:3877: gcc -c -g  conftest.c >&5
configure:3877: $? = 0
configure:3918: result: yes
configure:3935: checking for gcc option to accept ISO C89
configure:3999: gcc  -c -g -O2  conftest.c >&5
configure:3999: $? = 0
configure:4012: result: none needed
configure:4034: checking dependency style of gcc
configure:4145: result: none
configure:4160: checking whether ln -s works
configure:4164: result: yes
configure:4171: checking whether make sets $(MAKE)
configure:4193: result: yes
configure:4245: checking for ranlib
configure:4261: found /usr/bin/ranlib
configure:4272: result: ranlib
configure:4301: checking for doxygen
configure:4317: found /usr/local/bin/doxygen
configure:4328: result: doxygen
configure:4373: checking build system type
configure:4387: result: i686-pc-linux-gnu
configure:4407: checking host system type
configure:4420: result: i686-pc-linux-gnu
configure:4554: checking for Matlab software
configure:4563: checking for MATLAB location ...
configure:4572: checking for Matlab software
configure:4696: result: /home/tanasaki/Programs/MATLAB
configure:4807: checking how to run the C preprocessor
configure:4838: gcc -E  conftest.c
configure:4838: $? = 0
configure:4852: gcc -E  conftest.c
conftest.c:16:28: fatal error: ac_nonexistent.h: No such file or directory
compilation terminated.
configure:4852: $? = 1
configure: failed program was:
| /* confdefs.h */
| #define PACKAGE_NAME "oc-sp"
| #define PACKAGE_TARNAME "oc-sp"
| #define PACKAGE_VERSION "0.61"
| #define PACKAGE_STRING "oc-sp 0.61"
| #define PACKAGE_BUGREPORT "BUG-REPORT-ADDRESS"
| #define PACKAGE_URL ""
| #define PACKAGE "oc-sp"
| #define VERSION "0.61"
| #define R_PLATFORM "i686-pc-linux-gnu"
| #define R_CPU "i686"
| #define R_VENDOR "pc"
| #define R_OS "linux-gnu"
| #define Unix 1
| /* end confdefs.h.  */
| #include <ac_nonexistent.h>
configure:4877: result: gcc -E
configure:4897: gcc -E  conftest.c
configure:4897: $? = 0
configure:4911: gcc -E  conftest.c
conftest.c:16:28: fatal error: ac_nonexistent.h: No such file or directory
compilation terminated.
configure:4911: $? = 1
configure: failed program was:
| /* confdefs.h */
| #define PACKAGE_NAME "oc-sp"
| #define PACKAGE_TARNAME "oc-sp"
| #define PACKAGE_VERSION "0.61"
| #define PACKAGE_STRING "oc-sp 0.61"
| #define PACKAGE_BUGREPORT "BUG-REPORT-ADDRESS"
| #define PACKAGE_URL ""
| #define PACKAGE "oc-sp"
| #define VERSION "0.61"
| #define R_PLATFORM "i686-pc-linux-gnu"
| #define R_CPU "i686"
| #define R_VENDOR "pc"
| #define R_OS "linux-gnu"
| #define Unix 1
| /* end confdefs.h.  */
| #include <ac_nonexistent.h>
configure:4940: checking for grep that handles long lines and -e
configure:4998: result: /bin/grep
configure:5003: checking for egrep
configure:5065: result: /bin/grep -E
configure:5070: checking for ANSI C header files
configure:5090: gcc -c -g -O2  conftest.c >&5
configure:5090: $? = 0
configure:5163: gcc -o conftest -g -O2   conftest.c  >&5
configure:5163: $? = 0
configure:5163: ./conftest
configure:5163: $? = 0
configure:5174: result: yes
configure:5187: checking for sys/types.h
configure:5187: gcc -c -g -O2  conftest.c >&5
configure:5187: $? = 0
configure:5187: result: yes
configure:5187: checking for sys/stat.h
configure:5187: gcc -c -g -O2  conftest.c >&5
configure:5187: $? = 0
configure:5187: result: yes
configure:5187: checking for stdlib.h
configure:5187: gcc -c -g -O2  conftest.c >&5
configure:5187: $? = 0
configure:5187: result: yes
configure:5187: checking for string.h
configure:5187: gcc -c -g -O2  conftest.c >&5
configure:5187: $? = 0
configure:5187: result: yes
configure:5187: checking for memory.h
configure:5187: gcc -c -g -O2  conftest.c >&5
configure:5187: $? = 0
configure:5187: result: yes
configure:5187: checking for strings.h
configure:5187: gcc -c -g -O2  conftest.c >&5
configure:5187: $? = 0
configure:5187: result: yes
configure:5187: checking for inttypes.h
configure:5187: gcc -c -g -O2  conftest.c >&5
configure:5187: $? = 0
configure:5187: result: yes
configure:5187: checking for stdint.h
configure:5187: gcc -c -g -O2  conftest.c >&5
configure:5187: $? = 0
configure:5187: result: yes
configure:5187: checking for unistd.h
configure:5187: gcc -c -g -O2  conftest.c >&5
configure:5187: $? = 0
configure:5187: result: yes
configure:5202: checking float.h usability
configure:5202: gcc -c -g -O2  conftest.c >&5
configure:5202: $? = 0
configure:5202: result: yes
configure:5202: checking float.h presence
configure:5202: gcc -E  conftest.c
configure:5202: $? = 0
configure:5202: result: yes
configure:5202: checking for float.h
configure:5202: result: yes
configure:5202: checking limits.h usability
configure:5202: gcc -c -g -O2  conftest.c >&5
configure:5202: $? = 0
configure:5202: result: yes
configure:5202: checking limits.h presence
configure:5202: gcc -E  conftest.c
configure:5202: $? = 0
configure:5202: result: yes
configure:5202: checking for limits.h
configure:5202: result: yes
configure:5202: checking for stdlib.h
configure:5202: result: yes
configure:5202: checking for string.h
configure:5202: result: yes
configure:5202: checking sys/file.h usability
configure:5202: gcc -c -g -O2  conftest.c >&5
configure:5202: $? = 0
configure:5202: result: yes
configure:5202: checking sys/file.h presence
configure:5202: gcc -E  conftest.c
configure:5202: $? = 0
configure:5202: result: yes
configure:5202: checking for sys/file.h
configure:5202: result: yes
configure:5202: checking sys/time.h usability
configure:5202: gcc -c -g -O2  conftest.c >&5
configure:5202: $? = 0
configure:5202: result: yes
configure:5202: checking sys/time.h presence
configure:5202: gcc -E  conftest.c
configure:5202: $? = 0
configure:5202: result: yes
configure:5202: checking for sys/time.h
configure:5202: result: yes
configure:5202: checking for unistd.h
configure:5202: result: yes
configure:5214: checking for stdbool.h that conforms to C99
configure:5281: gcc -c -g -O2  conftest.c >&5
configure:5281: $? = 0
configure:5288: result: yes
configure:5290: checking for _Bool
configure:5290: gcc -c -g -O2  conftest.c >&5
configure:5290: $? = 0
configure:5290: gcc -c -g -O2  conftest.c >&5
conftest.c: In function 'main':
conftest.c:69:20: error: expected expression before ')' token
configure:5290: $? = 1
configure: failed program was:
| /* confdefs.h */
| #define PACKAGE_NAME "oc-sp"
| #define PACKAGE_TARNAME "oc-sp"
| #define PACKAGE_VERSION "0.61"
| #define PACKAGE_STRING "oc-sp 0.61"
| #define PACKAGE_BUGREPORT "BUG-REPORT-ADDRESS"
| #define PACKAGE_URL ""
| #define PACKAGE "oc-sp"
| #define VERSION "0.61"
| #define R_PLATFORM "i686-pc-linux-gnu"
| #define R_CPU "i686"
| #define R_VENDOR "pc"
| #define R_OS "linux-gnu"
| #define Unix 1
| #define STDC_HEADERS 1
| #define HAVE_SYS_TYPES_H 1
| #define HAVE_SYS_STAT_H 1
| #define HAVE_STDLIB_H 1
| #define HAVE_STRING_H 1
| #define HAVE_MEMORY_H 1
| #define HAVE_STRINGS_H 1
| #define HAVE_INTTYPES_H 1
| #define HAVE_STDINT_H 1
| #define HAVE_UNISTD_H 1
| #define HAVE_FLOAT_H 1
| #define HAVE_LIMITS_H 1
| #define HAVE_STDLIB_H 1
| #define HAVE_STRING_H 1
| #define HAVE_SYS_FILE_H 1
| #define HAVE_SYS_TIME_H 1
| #define HAVE_UNISTD_H 1
| /* end confdefs.h.  */
| #include <stdio.h>
| #ifdef HAVE_SYS_TYPES_H
| # include <sys/types.h>
| #endif
| #ifdef HAVE_SYS_STAT_H
| # include <sys/stat.h>
| #endif
| #ifdef STDC_HEADERS
| # include <stdlib.h>
| # include <stddef.h>
| #else
| # ifdef HAVE_STDLIB_H
| #  include <stdlib.h>
| # endif
| #endif
| #ifdef HAVE_STRING_H
| # if !defined STDC_HEADERS && defined HAVE_MEMORY_H
| #  include <memory.h>
| # endif
| # include <string.h>
| #endif
| #ifdef HAVE_STRINGS_H
| # include <strings.h>
| #endif
| #ifdef HAVE_INTTYPES_H
| # include <inttypes.h>
| #endif
| #ifdef HAVE_STDINT_H
| # include <stdint.h>
| #endif
| #ifdef HAVE_UNISTD_H
| # include <unistd.h>
| #endif
| int
| main ()
| {
| if (sizeof ((_Bool)))
| 	    return 0;
|   ;
|   return 0;
| }
configure:5290: result: yes
configure:5306: checking for inline
configure:5322: gcc -c -g -O2  conftest.c >&5
configure:5322: $? = 0
configure:5330: result: inline
configure:5348: checking for off_t
configure:5348: gcc -c -g -O2  conftest.c >&5
configure:5348: $? = 0
configure:5348: gcc -c -g -O2  conftest.c >&5
conftest.c: In function 'main':
conftest.c:71:20: error: expected expression before ')' token
configure:5348: $? = 1
configure: failed program was:
| /* confdefs.h */
| #define PACKAGE_NAME "oc-sp"
| #define PACKAGE_TARNAME "oc-sp"
| #define PACKAGE_VERSION "0.61"
| #define PACKAGE_STRING "oc-sp 0.61"
| #define PACKAGE_BUGREPORT "BUG-REPORT-ADDRESS"
| #define PACKAGE_URL ""
| #define PACKAGE "oc-sp"
| #define VERSION "0.61"
| #define R_PLATFORM "i686-pc-linux-gnu"
| #define R_CPU "i686"
| #define R_VENDOR "pc"
| #define R_OS "linux-gnu"
| #define Unix 1
| #define STDC_HEADERS 1
| #define HAVE_SYS_TYPES_H 1
| #define HAVE_SYS_STAT_H 1
| #define HAVE_STDLIB_H 1
| #define HAVE_STRING_H 1
| #define HAVE_MEMORY_H 1
| #define HAVE_STRINGS_H 1
| #define HAVE_INTTYPES_H 1
| #define HAVE_STDINT_H 1
| #define HAVE_UNISTD_H 1
| #define HAVE_FLOAT_H 1
| #define HAVE_LIMITS_H 1
| #define HAVE_STDLIB_H 1
| #define HAVE_STRING_H 1
| #define HAVE_SYS_FILE_H 1
| #define HAVE_SYS_TIME_H 1
| #define HAVE_UNISTD_H 1
| #define HAVE__BOOL 1
| #define HAVE_STDBOOL_H 1
| /* end confdefs.h.  */
| #include <stdio.h>
| #ifdef HAVE_SYS_TYPES_H
| # include <sys/types.h>
| #endif
| #ifdef HAVE_SYS_STAT_H
| # include <sys/stat.h>
| #endif
| #ifdef STDC_HEADERS
| # include <stdlib.h>
| # include <stddef.h>
| #else
| # ifdef HAVE_STDLIB_H
| #  include <stdlib.h>
| # endif
| #endif
| #ifdef HAVE_STRING_H
| # if !defined STDC_HEADERS && defined HAVE_MEMORY_H
| #  include <memory.h>
| # endif
| # include <string.h>
| #endif
| #ifdef HAVE_STRINGS_H
| # include <strings.h>
| #endif
| #ifdef HAVE_INTTYPES_H
| # include <inttypes.h>
| #endif
| #ifdef HAVE_STDINT_H
| # include <stdint.h>
| #endif
| #ifdef HAVE_UNISTD_H
| # include <unistd.h>
| #endif
| int
| main ()
| {
| if (sizeof ((off_t)))
| 	    return 0;
|   ;
|   return 0;
| }
configure:5348: result: yes
configure:5359: checking for C/C++ restrict keyword
configure:5384: gcc -c -g -O2  conftest.c >&5
configure:5384: $? = 0
configure:5392: result: __restrict
configure:5405: checking for size_t
configure:5405: gcc -c -g -O2  conftest.c >&5
configure:5405: $? = 0
configure:5405: gcc -c -g -O2  conftest.c >&5
conftest.c: In function 'main':
conftest.c:72:21: error: expected expression before ')' token
configure:5405: $? = 1
configure: failed program was:
| /* confdefs.h */
| #define PACKAGE_NAME "oc-sp"
| #define PACKAGE_TARNAME "oc-sp"
| #define PACKAGE_VERSION "0.61"
| #define PACKAGE_STRING "oc-sp 0.61"
| #define PACKAGE_BUGREPORT "BUG-REPORT-ADDRESS"
| #define PACKAGE_URL ""
| #define PACKAGE "oc-sp"
| #define VERSION "0.61"
| #define R_PLATFORM "i686-pc-linux-gnu"
| #define R_CPU "i686"
| #define R_VENDOR "pc"
| #define R_OS "linux-gnu"
| #define Unix 1
| #define STDC_HEADERS 1
| #define HAVE_SYS_TYPES_H 1
| #define HAVE_SYS_STAT_H 1
| #define HAVE_STDLIB_H 1
| #define HAVE_STRING_H 1
| #define HAVE_MEMORY_H 1
| #define HAVE_STRINGS_H 1
| #define HAVE_INTTYPES_H 1
| #define HAVE_STDINT_H 1
| #define HAVE_UNISTD_H 1
| #define HAVE_FLOAT_H 1
| #define HAVE_LIMITS_H 1
| #define HAVE_STDLIB_H 1
| #define HAVE_STRING_H 1
| #define HAVE_SYS_FILE_H 1
| #define HAVE_SYS_TIME_H 1
| #define HAVE_UNISTD_H 1
| #define HAVE__BOOL 1
| #define HAVE_STDBOOL_H 1
| #define restrict __restrict
| /* end confdefs.h.  */
| #include <stdio.h>
| #ifdef HAVE_SYS_TYPES_H
| # include <sys/types.h>
| #endif
| #ifdef HAVE_SYS_STAT_H
| # include <sys/stat.h>
| #endif
| #ifdef STDC_HEADERS
| # include <stdlib.h>
| # include <stddef.h>
| #else
| # ifdef HAVE_STDLIB_H
| #  include <stdlib.h>
| # endif
| #endif
| #ifdef HAVE_STRING_H
| # if !defined STDC_HEADERS && defined HAVE_MEMORY_H
| #  include <memory.h>
| # endif
| # include <string.h>
| #endif
| #ifdef HAVE_STRINGS_H
| # include <strings.h>
| #endif
| #ifdef HAVE_INTTYPES_H
| # include <inttypes.h>
| #endif
| #ifdef HAVE_STDINT_H
| # include <stdint.h>
| #endif
| #ifdef HAVE_UNISTD_H
| # include <unistd.h>
| #endif
| int
| main ()
| {
| if (sizeof ((size_t)))
| 	    return 0;
|   ;
|   return 0;
| }
configure:5405: result: yes
configure:5418: checking for pid_t
configure:5418: gcc -c -g -O2  conftest.c >&5
configure:5418: $? = 0
configure:5418: gcc -c -g -O2  conftest.c >&5
conftest.c: In function 'main':
conftest.c:72:20: error: expected expression before ')' token
configure:5418: $? = 1
configure: failed program was:
| /* confdefs.h */
| #define PACKAGE_NAME "oc-sp"
| #define PACKAGE_TARNAME "oc-sp"
| #define PACKAGE_VERSION "0.61"
| #define PACKAGE_STRING "oc-sp 0.61"
| #define PACKAGE_BUGREPORT "BUG-REPORT-ADDRESS"
| #define PACKAGE_URL ""
| #define PACKAGE "oc-sp"
| #define VERSION "0.61"
| #define R_PLATFORM "i686-pc-linux-gnu"
| #define R_CPU "i686"
| #define R_VENDOR "pc"
| #define R_OS "linux-gnu"
| #define Unix 1
| #define STDC_HEADERS 1
| #define HAVE_SYS_TYPES_H 1
| #define HAVE_SYS_STAT_H 1
| #define HAVE_STDLIB_H 1
| #define HAVE_STRING_H 1
| #define HAVE_MEMORY_H 1
| #define HAVE_STRINGS_H 1
| #define HAVE_INTTYPES_H 1
| #define HAVE_STDINT_H 1
| #define HAVE_UNISTD_H 1
| #define HAVE_FLOAT_H 1
| #define HAVE_LIMITS_H 1
| #define HAVE_STDLIB_H 1
| #define HAVE_STRING_H 1
| #define HAVE_SYS_FILE_H 1
| #define HAVE_SYS_TIME_H 1
| #define HAVE_UNISTD_H 1
| #define HAVE__BOOL 1
| #define HAVE_STDBOOL_H 1
| #define restrict __restrict
| /* end confdefs.h.  */
| #include <stdio.h>
| #ifdef HAVE_SYS_TYPES_H
| # include <sys/types.h>
| #endif
| #ifdef HAVE_SYS_STAT_H
| # include <sys/stat.h>
| #endif
| #ifdef STDC_HEADERS
| # include <stdlib.h>
| # include <stddef.h>
| #else
| # ifdef HAVE_STDLIB_H
| #  include <stdlib.h>
| # endif
| #endif
| #ifdef HAVE_STRING_H
| # if !defined STDC_HEADERS && defined HAVE_MEMORY_H
| #  include <memory.h>
| # endif
| # include <string.h>
| #endif
| #ifdef HAVE_STRINGS_H
| # include <strings.h>
| #endif
| #ifdef HAVE_INTTYPES_H
| # include <inttypes.h>
| #endif
| #ifdef HAVE_STDINT_H
| # include <stdint.h>
| #endif
| #ifdef HAVE_UNISTD_H
| # include <unistd.h>
| #endif
| int
| main ()
| {
| if (sizeof ((pid_t)))
| 	    return 0;
|   ;
|   return 0;
| }
configure:5418: result: yes
configure:5431: checking vfork.h usability
configure:5431: gcc -c -g -O2  conftest.c >&5
conftest.c:69:19: fatal error: vfork.h: No such file or directory
compilation terminated.
configure:5431: $? = 1
configure: failed program was:
| /* confdefs.h */
| #define PACKAGE_NAME "oc-sp"
| #define PACKAGE_TARNAME "oc-sp"
| #define PACKAGE_VERSION "0.61"
| #define PACKAGE_STRING "oc-sp 0.61"
| #define PACKAGE_BUGREPORT "BUG-REPORT-ADDRESS"
| #define PACKAGE_URL ""
| #define PACKAGE "oc-sp"
| #define VERSION "0.61"
| #define R_PLATFORM "i686-pc-linux-gnu"
| #define R_CPU "i686"
| #define R_VENDOR "pc"
| #define R_OS "linux-gnu"
| #define Unix 1
| #define STDC_HEADERS 1
| #define HAVE_SYS_TYPES_H 1
| #define HAVE_SYS_STAT_H 1
| #define HAVE_STDLIB_H 1
| #define HAVE_STRING_H 1
| #define HAVE_MEMORY_H 1
| #define HAVE_STRINGS_H 1
| #define HAVE_INTTYPES_H 1
| #define HAVE_STDINT_H 1
| #define HAVE_UNISTD_H 1
| #define HAVE_FLOAT_H 1
| #define HAVE_LIMITS_H 1
| #define HAVE_STDLIB_H 1
| #define HAVE_STRING_H 1
| #define HAVE_SYS_FILE_H 1
| #define HAVE_SYS_TIME_H 1
| #define HAVE_UNISTD_H 1
| #define HAVE__BOOL 1
| #define HAVE_STDBOOL_H 1
| #define restrict __restrict
| /* end confdefs.h.  */
| #include <stdio.h>
| #ifdef HAVE_SYS_TYPES_H
| # include <sys/types.h>
| #endif
| #ifdef HAVE_SYS_STAT_H
| # include <sys/stat.h>
| #endif
| #ifdef STDC_HEADERS
| # include <stdlib.h>
| # include <stddef.h>
| #else
| # ifdef HAVE_STDLIB_H
| #  include <stdlib.h>
| # endif
| #endif
| #ifdef HAVE_STRING_H
| # if !defined STDC_HEADERS && defined HAVE_MEMORY_H
| #  include <memory.h>
| # endif
| # include <string.h>
| #endif
| #ifdef HAVE_STRINGS_H
| # include <strings.h>
| #endif
| #ifdef HAVE_INTTYPES_H
| # include <inttypes.h>
| #endif
| #ifdef HAVE_STDINT_H
| # include <stdint.h>
| #endif
| #ifdef HAVE_UNISTD_H
| # include <unistd.h>
| #endif
| #include <vfork.h>
configure:5431: result: no
configure:5431: checking vfork.h presence
configure:5431: gcc -E  conftest.c
conftest.c:36:19: fatal error: vfork.h: No such file or directory
compilation terminated.
configure:5431: $? = 1
configure: failed program was:
| /* confdefs.h */
| #define PACKAGE_NAME "oc-sp"
| #define PACKAGE_TARNAME "oc-sp"
| #define PACKAGE_VERSION "0.61"
| #define PACKAGE_STRING "oc-sp 0.61"
| #define PACKAGE_BUGREPORT "BUG-REPORT-ADDRESS"
| #define PACKAGE_URL ""
| #define PACKAGE "oc-sp"
| #define VERSION "0.61"
| #define R_PLATFORM "i686-pc-linux-gnu"
| #define R_CPU "i686"
| #define R_VENDOR "pc"
| #define R_OS "linux-gnu"
| #define Unix 1
| #define STDC_HEADERS 1
| #define HAVE_SYS_TYPES_H 1
| #define HAVE_SYS_STAT_H 1
| #define HAVE_STDLIB_H 1
| #define HAVE_STRING_H 1
| #define HAVE_MEMORY_H 1
| #define HAVE_STRINGS_H 1
| #define HAVE_INTTYPES_H 1
| #define HAVE_STDINT_H 1
| #define HAVE_UNISTD_H 1
| #define HAVE_FLOAT_H 1
| #define HAVE_LIMITS_H 1
| #define HAVE_STDLIB_H 1
| #define HAVE_STRING_H 1
| #define HAVE_SYS_FILE_H 1
| #define HAVE_SYS_TIME_H 1
| #define HAVE_UNISTD_H 1
| #define HAVE__BOOL 1
| #define HAVE_STDBOOL_H 1
| #define restrict __restrict
| /* end confdefs.h.  */
| #include <vfork.h>
configure:5431: result: no
configure:5431: checking for vfork.h
configure:5431: result: no
configure:5444: checking for fork
configure:5444: gcc -o conftest -g -O2   conftest.c  >&5
conftest.c:59:6: warning: conflicting types for built-in function 'fork' [enabled by default]
configure:5444: $? = 0
configure:5444: result: yes
configure:5444: checking for vfork
configure:5444: gcc -o conftest -g -O2   conftest.c  >&5
configure:5444: $? = 0
configure:5444: result: yes
configure:5454: checking for working fork
configure:5476: gcc -o conftest -g -O2   conftest.c  >&5
configure:5476: $? = 0
configure:5476: ./conftest
configure:5476: $? = 0
configure:5486: result: yes
configure:5507: checking for working vfork
configure:5617: result: yes
configure:5644: checking for stdlib.h
configure:5644: result: yes
configure:5654: checking for GNU libc compatible malloc
configure:5678: gcc -o conftest -g -O2   conftest.c  >&5
configure:5678: $? = 0
configure:5678: ./conftest
configure:5678: $? = 0
configure:5688: result: yes
configure:5711: checking for stdlib.h
configure:5711: result: yes
configure:5721: checking for GNU libc compatible realloc
configure:5745: gcc -o conftest -g -O2   conftest.c  >&5
configure:5745: $? = 0
configure:5745: ./conftest
configure:5745: $? = 0
configure:5755: result: yes
configure:5776: checking for working strcoll
configure:5797: gcc -o conftest -g -O2   conftest.c  >&5
configure:5797: $? = 0
configure:5797: ./conftest
configure:5797: $? = 0
configure:5807: result: yes
configure:5815: checking for wait3 that fills in rusage
configure:5861: gcc -o conftest -g -O2   conftest.c  >&5
configure:5861: $? = 0
configure:5861: ./conftest
configure:5861: $? = 0
configure:5871: result: yes
configure:5882: checking for bzero
configure:5882: gcc -o conftest -g -O2   conftest.c  >&5
conftest.c:69:6: warning: conflicting types for built-in function 'bzero' [enabled by default]
configure:5882: $? = 0
configure:5882: result: yes
configure:5882: checking for dup2
configure:5882: gcc -o conftest -g -O2   conftest.c  >&5
configure:5882: $? = 0
configure:5882: result: yes
configure:5882: checking for gethostname
configure:5882: gcc -o conftest -g -O2   conftest.c  >&5
configure:5882: $? = 0
configure:5882: result: yes
configure:5882: checking for getpagesize
configure:5882: gcc -o conftest -g -O2   conftest.c  >&5
configure:5882: $? = 0
configure:5882: result: yes
configure:5882: checking for gettimeofday
configure:5882: gcc -o conftest -g -O2   conftest.c  >&5
configure:5882: $? = 0
configure:5882: result: yes
configure:5882: checking for memchr
configure:5882: gcc -o conftest -g -O2   conftest.c  >&5
conftest.c:74:6: warning: conflicting types for built-in function 'memchr' [enabled by default]
configure:5882: $? = 0
configure:5882: result: yes
configure:5882: checking for memmove
configure:5882: gcc -o conftest -g -O2   conftest.c  >&5
conftest.c:75:6: warning: conflicting types for built-in function 'memmove' [enabled by default]
configure:5882: $? = 0
configure:5882: result: yes
configure:5882: checking for memset
configure:5882: gcc -o conftest -g -O2   conftest.c  >&5
conftest.c:76:6: warning: conflicting types for built-in function 'memset' [enabled by default]
configure:5882: $? = 0
configure:5882: result: yes
configure:5882: checking for pow
configure:5882: gcc -o conftest -g -O2   conftest.c  >&5
conftest.c:77:6: warning: conflicting types for built-in function 'pow' [enabled by default]
/tmp/ccQzHqxE.o: In function `main':
/home/tanasaki/Workspace/TuDelft/MScThesis/msc_thesis_project/conftest.c:88: undefined reference to `pow'
collect2: ld returned 1 exit status
configure:5882: $? = 1
configure: failed program was:
| /* confdefs.h */
| #define PACKAGE_NAME "oc-sp"
| #define PACKAGE_TARNAME "oc-sp"
| #define PACKAGE_VERSION "0.61"
| #define PACKAGE_STRING "oc-sp 0.61"
| #define PACKAGE_BUGREPORT "BUG-REPORT-ADDRESS"
| #define PACKAGE_URL ""
| #define PACKAGE "oc-sp"
| #define VERSION "0.61"
| #define R_PLATFORM "i686-pc-linux-gnu"
| #define R_CPU "i686"
| #define R_VENDOR "pc"
| #define R_OS "linux-gnu"
| #define Unix 1
| #define STDC_HEADERS 1
| #define HAVE_SYS_TYPES_H 1
| #define HAVE_SYS_STAT_H 1
| #define HAVE_STDLIB_H 1
| #define HAVE_STRING_H 1
| #define HAVE_MEMORY_H 1
| #define HAVE_STRINGS_H 1
| #define HAVE_INTTYPES_H 1
| #define HAVE_STDINT_H 1
| #define HAVE_UNISTD_H 1
| #define HAVE_FLOAT_H 1
| #define HAVE_LIMITS_H 1
| #define HAVE_STDLIB_H 1
| #define HAVE_STRING_H 1
| #define HAVE_SYS_FILE_H 1
| #define HAVE_SYS_TIME_H 1
| #define HAVE_UNISTD_H 1
| #define HAVE__BOOL 1
| #define HAVE_STDBOOL_H 1
| #define restrict __restrict
| #define HAVE_FORK 1
| #define HAVE_VFORK 1
| #define HAVE_WORKING_VFORK 1
| #define HAVE_WORKING_FORK 1
| #define HAVE_STDLIB_H 1
| #define HAVE_MALLOC 1
| #define HAVE_STDLIB_H 1
| #define HAVE_REALLOC 1
| #define HAVE_STRCOLL 1
| #define HAVE_WAIT3 1
| #define HAVE_BZERO 1
| #define HAVE_DUP2 1
| #define HAVE_GETHOSTNAME 1
| #define HAVE_GETPAGESIZE 1
| #define HAVE_GETTIMEOFDAY 1
| #define HAVE_MEMCHR 1
| #define HAVE_MEMMOVE 1
| #define HAVE_MEMSET 1
| /* end confdefs.h.  */
| /* Define pow to an innocuous variant, in case <limits.h> declares pow.
|    For example, HP-UX 11i <limits.h> declares gettimeofday.  */
| #define pow innocuous_pow
| 
| /* System header to define __stub macros and hopefully few prototypes,
|     which can conflict with char pow (); below.
|     Prefer <limits.h> to <assert.h> if __STDC__ is defined, since
|     <limits.h> exists even on freestanding compilers.  */
| 
| #ifdef __STDC__
| # include <limits.h>
| #else
| # include <assert.h>
| #endif
| 
| #undef pow
| 
| /* Override any GCC internal prototype to avoid an error.
|    Use char because int might match the return type of a GCC
|    builtin and then its argument prototype would still apply.  */
| #ifdef __cplusplus
| extern "C"
| #endif
| char pow ();
| /* The GNU C library defines this for functions which it implements
|     to always fail with ENOSYS.  Some functions are actually named
|     something starting with __ and the normal name is an alias.  */
| #if defined __stub_pow || defined __stub___pow
| choke me
| #endif
| 
| int
| main ()
| {
| return pow ();
|   ;
|   return 0;
| }
configure:5882: result: no
configure:5882: checking for sqrt
configure:5882: gcc -o conftest -g -O2   conftest.c  >&5
conftest.c:77:6: warning: conflicting types for built-in function 'sqrt' [enabled by default]
/tmp/ccZ0KHjI.o: In function `main':
/home/tanasaki/Workspace/TuDelft/MScThesis/msc_thesis_project/conftest.c:88: undefined reference to `sqrt'
collect2: ld returned 1 exit status
configure:5882: $? = 1
configure: failed program was:
| /* confdefs.h */
| #define PACKAGE_NAME "oc-sp"
| #define PACKAGE_TARNAME "oc-sp"
| #define PACKAGE_VERSION "0.61"
| #define PACKAGE_STRING "oc-sp 0.61"
| #define PACKAGE_BUGREPORT "BUG-REPORT-ADDRESS"
| #define PACKAGE_URL ""
| #define PACKAGE "oc-sp"
| #define VERSION "0.61"
| #define R_PLATFORM "i686-pc-linux-gnu"
| #define R_CPU "i686"
| #define R_VENDOR "pc"
| #define R_OS "linux-gnu"
| #define Unix 1
| #define STDC_HEADERS 1
| #define HAVE_SYS_TYPES_H 1
| #define HAVE_SYS_STAT_H 1
| #define HAVE_STDLIB_H 1
| #define HAVE_STRING_H 1
| #define HAVE_MEMORY_H 1
| #define HAVE_STRINGS_H 1
| #define HAVE_INTTYPES_H 1
| #define HAVE_STDINT_H 1
| #define HAVE_UNISTD_H 1
| #define HAVE_FLOAT_H 1
| #define HAVE_LIMITS_H 1
| #define HAVE_STDLIB_H 1
| #define HAVE_STRING_H 1
| #define HAVE_SYS_FILE_H 1
| #define HAVE_SYS_TIME_H 1
| #define HAVE_UNISTD_H 1
| #define HAVE__BOOL 1
| #define HAVE_STDBOOL_H 1
| #define restrict __restrict
| #define HAVE_FORK 1
| #define HAVE_VFORK 1
| #define HAVE_WORKING_VFORK 1
| #define HAVE_WORKING_FORK 1
| #define HAVE_STDLIB_H 1
| #define HAVE_MALLOC 1
| #define HAVE_STDLIB_H 1
| #define HAVE_REALLOC 1
| #define HAVE_STRCOLL 1
| #define HAVE_WAIT3 1
| #define HAVE_BZERO 1
| #define HAVE_DUP2 1
| #define HAVE_GETHOSTNAME 1
| #define HAVE_GETPAGESIZE 1
| #define HAVE_GETTIMEOFDAY 1
| #define HAVE_MEMCHR 1
| #define HAVE_MEMMOVE 1
| #define HAVE_MEMSET 1
| /* end confdefs.h.  */
| /* Define sqrt to an innocuous variant, in case <limits.h> declares sqrt.
|    For example, HP-UX 11i <limits.h> declares gettimeofday.  */
| #define sqrt innocuous_sqrt
| 
| /* System header to define __stub macros and hopefully few prototypes,
|     which can conflict with char sqrt (); below.
|     Prefer <limits.h> to <assert.h> if __STDC__ is defined, since
|     <limits.h> exists even on freestanding compilers.  */
| 
| #ifdef __STDC__
| # include <limits.h>
| #else
| # include <assert.h>
| #endif
| 
| #undef sqrt
| 
| /* Override any GCC internal prototype to avoid an error.
|    Use char because int might match the return type of a GCC
|    builtin and then its argument prototype would still apply.  */
| #ifdef __cplusplus
| extern "C"
| #endif
| char sqrt ();
| /* The GNU C library defines this for functions which it implements
|     to always fail with ENOSYS.  Some functions are actually named
|     something starting with __ and the normal name is an alias.  */
| #if defined __stub_sqrt || defined __stub___sqrt
| choke me
| #endif
| 
| int
| main ()
| {
| return sqrt ();
|   ;
|   return 0;
| }
configure:5882: result: no
configure:5882: checking for strchr
configure:5882: gcc -o conftest -g -O2   conftest.c  >&5
conftest.c:77:6: warning: conflicting types for built-in function 'strchr' [enabled by default]
configure:5882: $? = 0
configure:5882: result: yes
configure:5882: checking for strcspn
configure:5882: gcc -o conftest -g -O2   conftest.c  >&5
conftest.c:78:6: warning: conflicting types for built-in function 'strcspn' [enabled by default]
configure:5882: $? = 0
configure:5882: result: yes
configure:5882: checking for strerror
configure:5882: gcc -o conftest -g -O2   conftest.c  >&5
configure:5882: $? = 0
configure:5882: result: yes
configure:5882: checking for strpbrk
configure:5882: gcc -o conftest -g -O2   conftest.c  >&5
conftest.c:80:6: warning: conflicting types for built-in function 'strpbrk' [enabled by default]
configure:5882: $? = 0
configure:5882: result: yes
configure:5882: checking for strrchr
configure:5882: gcc -o conftest -g -O2   conftest.c  >&5
conftest.c:81:6: warning: conflicting types for built-in function 'strrchr' [enabled by default]
configure:5882: $? = 0
configure:5882: result: yes
configure:5882: checking for strspn
configure:5882: gcc -o conftest -g -O2   conftest.c  >&5
conftest.c:82:6: warning: conflicting types for built-in function 'strspn' [enabled by default]
configure:5882: $? = 0
configure:5882: result: yes
configure:5882: checking for strstr
configure:5882: gcc -o conftest -g -O2   conftest.c  >&5
conftest.c:83:6: warning: conflicting types for built-in function 'strstr' [enabled by default]
configure:5882: $? = 0
configure:5882: result: yes
configure:6032: creating ./config.status

## ---------------------- ##
## Running config.status. ##
## ---------------------- ##

This file was extended by oc-sp config.status 0.61, which was
generated by GNU Autoconf 2.68.  Invocation command line was

  CONFIG_FILES    = 
  CONFIG_HEADERS  = 
  CONFIG_LINKS    = 
  CONFIG_COMMANDS = 
  $ ./config.status 

on P150HMx

config.status:1016: creating Makefile
config.status:1016: creating cudd-2.5.0/cudd/Makefile
config.status:1016: creating cudd-2.5.0/dddmp/Makefile
config.status:1016: creating cudd-2.5.0/epd/Makefile
config.status:1016: creating cudd-2.5.0/mnemosyne/Makefile
config.status:1016: creating cudd-2.5.0/mtr/Makefile
config.status:1016: creating cudd-2.5.0/nanotrav/Makefile
config.status:1016: creating cudd-2.5.0/obj/Makefile
config.status:1016: creating cudd-2.5.0/st/Makefile
config.status:1016: creating cudd-2.5.0/util/Makefile
config.status:1016: creating src/Makefile
config.status:1016: creating src/lib/Makefile
config.status:1016: creating config.h
config.status:1245: executing depfiles commands

## ---------------- ##
## Cache variables. ##
## ---------------- ##

ac_cv_build=i686-pc-linux-gnu
ac_cv_c_compiler_gnu=yes
ac_cv_c_inline=inline
ac_cv_c_restrict=__restrict
ac_cv_cxx_compiler_gnu=yes
ac_cv_env_CCC_set=
ac_cv_env_CCC_value=
ac_cv_env_CC_set=
ac_cv_env_CC_value=
ac_cv_env_CFLAGS_set=
ac_cv_env_CFLAGS_value=
ac_cv_env_CPPFLAGS_set=
ac_cv_env_CPPFLAGS_value=
ac_cv_env_CPP_set=
ac_cv_env_CPP_value=
ac_cv_env_CXXFLAGS_set=
ac_cv_env_CXXFLAGS_value=
ac_cv_env_CXX_set=
ac_cv_env_CXX_value=
ac_cv_env_LDFLAGS_set=
ac_cv_env_LDFLAGS_value=
ac_cv_env_LIBS_set=
ac_cv_env_LIBS_value=
ac_cv_env_build_alias_set=
ac_cv_env_build_alias_value=
ac_cv_env_host_alias_set=
ac_cv_env_host_alias_value=
ac_cv_env_target_alias_set=
ac_cv_env_target_alias_value=
ac_cv_func_bzero=yes
ac_cv_func_dup2=yes
ac_cv_func_fork=yes
ac_cv_func_fork_works=yes
ac_cv_func_gethostname=yes
ac_cv_func_getpagesize=yes
ac_cv_func_gettimeofday=yes
ac_cv_func_malloc_0_nonnull=yes
ac_cv_func_memchr=yes
ac_cv_func_memmove=yes
ac_cv_func_memset=yes
ac_cv_func_pow=no
ac_cv_func_realloc_0_nonnull=yes
ac_cv_func_sqrt=no
ac_cv_func_strchr=yes
ac_cv_func_strcoll_works=yes
ac_cv_func_strcspn=yes
ac_cv_func_strerror=yes
ac_cv_func_strpbrk=yes
ac_cv_func_strrchr=yes
ac_cv_func_strspn=yes
ac_cv_func_strstr=yes
ac_cv_func_vfork=yes
ac_cv_func_vfork_works=yes
ac_cv_func_wait3_rusage=yes
ac_cv_header_float_h=yes
ac_cv_header_inttypes_h=yes
ac_cv_header_limits_h=yes
ac_cv_header_memory_h=yes
ac_cv_header_stdbool_h=yes
ac_cv_header_stdc=yes
ac_cv_header_stdint_h=yes
ac_cv_header_stdlib_h=yes
ac_cv_header_string_h=yes
ac_cv_header_strings_h=yes
ac_cv_header_sys_file_h=yes
ac_cv_header_sys_stat_h=yes
ac_cv_header_sys_time_h=yes
ac_cv_header_sys_types_h=yes
ac_cv_header_unistd_h=yes
ac_cv_header_vfork_h=no
ac_cv_host=i686-pc-linux-gnu
ac_cv_objext=o
ac_cv_path_EGREP='/bin/grep -E'
ac_cv_path_GREP=/bin/grep
ac_cv_path_install='/usr/bin/install -c'
ac_cv_path_mkdir=/bin/mkdir
ac_cv_prog_AWK=mawk
ac_cv_prog_CPP='gcc -E'
ac_cv_prog_DOXYGEN=doxygen
ac_cv_prog_ac_ct_CC=gcc
ac_cv_prog_ac_ct_CXX=g++
ac_cv_prog_ac_ct_RANLIB=ranlib
ac_cv_prog_cc_c89=
ac_cv_prog_cc_g=yes
ac_cv_prog_cxx_g=yes
ac_cv_prog_make_make_set=yes
ac_cv_type__Bool=yes
ac_cv_type_off_t=yes
ac_cv_type_pid_t=yes
ac_cv_type_size_t=yes
am_cv_CC_dependencies_compiler_type=none
am_cv_CXX_dependencies_compiler_type=none

## ----------------- ##
## Output variables. ##
## ----------------- ##









	-@cp * temp_dist
	-@rm $(distdir).tar.gz >/dev/null 2>&1
	-@rm -rf $(distdir) >/dev/null 2>&1
	-@rm -rf temp_dist
	@cd temp_dist; \
	@cp -r $(CUDD_DIR) temp_dist
	@cp -r $(SRC_DIR) temp_dist
	@cp -r bin temp_dist
	@doxygen documentation.doxygen.Doxyfile > /dev/null 2>&1
	@echo "${COL_ON}\nCreating Documentation... \c"; \
	@echo "${COL_ON}\n\n*** Package $(distdir).tar.gz is ready for distribution. ***\n${COL_OFF}"'
	@find temp_dist -type f -name "Makefile" -exec rm -f {} \;
	@mkdir -p $(distdir)
	@mkdir -p temp_dist
	@rm -rf $(distdir)
	@rm -rf temp_dist
	cd $(SRC_DIR)/lib && $(MAKE) $@ > /dev/null 2>&1; \
	cd $(distdir) && $(MAKE) all
	cd $(distdir) && $(MAKE) clean
	cd $(distdir) && $(MAKE) distclean
	cd $(distdir) && ./configure
	cp -r $(CUDD_DIR) ../$(distdir); \
	cp -r $(SRC_DIR) ../$(distdir); \
	cp -r bin ../$(distdir)
	cp Makefile.in configure config.h.in config.sub install-sh  config.guess ../$(distdir); \
	echo "done! (Location: /src/lib/doc) ${COL_OFF}\n"
	find temp_dist -type f -name "*~" -exec rm -f {} \;
	gzip -cd $(distdir).tar.gz | tar xvf -
	rm -rf $(distdir)
	tar chof - $(distdir) | gzip -9 -c > $@
$(distdir).tar.gz: $(distdir)
$(distdir): FORCE
'
'
ACLOCAL='${SHELL} /home/tanasaki/Workspace/TuDelft/MScThesis/msc_thesis_project/missing --run aclocal-1.11'
AMDEPBACKSLASH='\'
AMDEP_FALSE='#'
AMDEP_TRUE=''
AMTAR='$${TAR-tar}'
AUTOCONF='${SHELL} /home/tanasaki/Workspace/TuDelft/MScThesis/msc_thesis_project/missing --run autoconf'
AUTOHEADER='${SHELL} /home/tanasaki/Workspace/TuDelft/MScThesis/msc_thesis_project/missing --run autoheader'
AUTOMAKE='${SHELL} /home/tanasaki/Workspace/TuDelft/MScThesis/msc_thesis_project/missing --run automake-1.11'
AWK='mawk'
CC='gcc'
CCDEPMODE='depmode=none'
CFLAGS='-g -O2'
CPP='gcc -E'
CPPFLAGS=''
CUDD_ICFLAGS='-g -O3 -Wall'
CUDD_XCFLAGS='-mtune=native -malign-double -DHAVE_IEEE_754 -DBSD'
CXX='g++'
CXXDEPMODE='depmode=none'
CXXFLAGS='-g -O2'
CYGPATH_W='echo'
DEFS='-DHAVE_CONFIG_H'
DEPDIR='.deps'
DOXYGEN='doxygen'
DOXYGEN_MAIN_MAKEFILE_TARGETS='
DOXYGEN_MAKEFILE_TARGETS='
ECHO_C=''
ECHO_N='-n'
ECHO_T=''
EGREP='/bin/grep -E'
EXEEXT=''
FORCE: clean distclean
GREP='/bin/grep'
HAVE_MATLAB_FALSE='#'
HAVE_MATLAB_TRUE=''
INSTALL_DATA='${INSTALL} -m 644'
INSTALL_PROGRAM='${INSTALL}'
INSTALL_SCRIPT='${INSTALL}'
INSTALL_STRIP_PROGRAM='$(install_sh) -c -s'
LDFLAGS=''
LIBOBJS=''
LIBS=''
LN_S='ln -s'
LTLIBOBJS=''
MAINTAINERS_MAKEFILE_TARGETS='
MAKEINFO='${SHELL} /home/tanasaki/Workspace/TuDelft/MScThesis/msc_thesis_project/missing --run makeinfo'
MATLAB_CC='CC = gcc'
MATLAB_CCARGUMENTS='arguments = -DMX_COMPAT_32'
MATLAB_CDEBUGFLAGS='CDEBUGFLAGS = -g'
MATLAB_CFLAGS='CFLAGS = -ansi -D_GNU_SOURCE -fPIC -pthread -m32 -fexceptions -D_FILE_OFFSET_BITS=64'
MATLAB_CLIBS='CLIBS = -Wl,-rpath-link,/home/tanasaki/Programs/MATLAB/bin/glnx86 -L/home/tanasaki/Programs/MATLAB/bin/glnx86 -lmx -lmex -lmat -lm -lstdc++'
MATLAB_COPTIMFLAGS='COPTIMFLAGS = -O -DNDEBUG'
MATLAB_CXX='CXX = g++ -> LDCXX ='
MATLAB_CXXARGUMENTS='arguments = -DMX_COMPAT_32'
MATLAB_CXXDEBUGFLAGS='CXXDEBUGFLAGS = -g LDCXXDEBUGFLAGS ='
MATLAB_CXXFLAGS='CXXFLAGS = -ansi -D_GNU_SOURCE -D_FILE_OFFSET_BITS=64 -fPIC -pthread LDCXXFLAGS ='
MATLAB_CXXLIBS='CXXLIBS = -Wl,-rpath-link,/home/tanasaki/Programs/MATLAB/bin/glnx86 -L/home/tanasaki/Programs/MATLAB/bin/glnx86 -lmx -lmex -lmat -lm'
MATLAB_CXXOPTIMFLAGS='CXXOPTIMFLAGS = -O -DNDEBUG LDCXXOPTIMFLAGS ='
MATLAB_DIR='/home/tanasaki/Programs/MATLAB'
MATLAB_LD='LD = gcc'
MATLAB_LDARGUMENTS='arguments ='
MATLAB_LDCXX='LDCXX ='
MATLAB_LDCXXARGUMENTS='arguments ='
MATLAB_LDCXXDEBUGFLAGS='LDCXXDEBUGFLAGS ='
MATLAB_LDCXXEXTENSION='LDCXXEXTENSION ='
MATLAB_LDCXXFLAGS='LDCXXFLAGS ='
MATLAB_LDCXXOPTIMFLAGS='LDCXXOPTIMFLAGS ='
MATLAB_LDDEBUGFLAGS='LDDEBUGFLAGS = -g'
MATLAB_LDEXTENSION='LDEXTENSION = .mexglx'
MATLAB_LDFLAGS='LDFLAGS = -pthread -shared -m32 -Wl,--version-script,/home/tanasaki/Programs/MATLAB/extern/lib/glnx86/mexFunction.map -Wl,--no-undefined'
MATLAB_LDOPTIMFLAGS='LDOPTIMFLAGS = -O'
MATLAB_MEXSYSTEM='glnx86'
MEX='/home/tanasaki/Programs/MATLAB/bin/mex'
MKDIR_P='/bin/mkdir -p'
OBJEXT='o'
PACKAGE='oc-sp'
PACKAGE_BUGREPORT='BUG-REPORT-ADDRESS'
PACKAGE_NAME='oc-sp'
PACKAGE_STRING='oc-sp 0.61'
PACKAGE_TARNAME='oc-sp'
PACKAGE_URL=''
PACKAGE_VERSION='0.61'
PATH_SEPARATOR=':'
RANLIB='ranlib'
R_CONFIG_ARGS=' '\''--with-matlab-path=/home/tanasaki/Programs/MATLAB'\'' '\''--with-maintainers-makefile-targets'\'''
R_OS='linux-gnu'
R_OSTYPE='unix'
R_PLATFORM='i686-pc-linux-gnu'
R_PLATFORM_ARCH='i386'
SET_MAKE=''
SHELL='/bin/bash'
STRIP=''
VERSION='0.61'
ac_ct_CC='gcc'
ac_ct_CXX='g++'
am__EXEEXT_FALSE=''
am__EXEEXT_TRUE='#'
am__fastdepCC_FALSE=''
am__fastdepCC_TRUE='#'
am__fastdepCXX_FALSE=''
am__fastdepCXX_TRUE='#'
am__include='include'
am__isrc=''
am__leading_dot='.'
am__nodep='_no'
am__quote=''
am__tar='$${TAR-tar} chof - "$$tardir"'
am__untar='$${TAR-tar} xf -'
bindir='${exec_prefix}/bin'
build='i686-pc-linux-gnu'
build_alias=''
build_cpu='i686'
build_os='linux-gnu'
build_vendor='pc'
datadir='${datarootdir}'
datarootdir='${prefix}/share'
dist: $(distdir).tar.gz
distcheck: $(distdir).tar.gz
distdir = $(tarname)-${version}
doc:
doc:
docdir='${datarootdir}/doc/${PACKAGE_TARNAME}'
dvidir='${docdir}'
exec_prefix='${prefix}'
host='i686-pc-linux-gnu'
host_alias=''
host_cpu='i686'
host_os='linux-gnu'
host_vendor='pc'
htmldir='${docdir}'
includedir='${prefix}/include'
infodir='${datarootdir}/info'
install_sh='${SHELL} /home/tanasaki/Workspace/TuDelft/MScThesis/msc_thesis_project/install-sh'
libdir='${exec_prefix}/lib'
libexecdir='${exec_prefix}/libexec'
localedir='${datarootdir}/locale'
localstatedir='${prefix}/var'
mandir='${datarootdir}/man'
mkdir_p='/bin/mkdir -p'
oldincludedir='/usr/include'
pdfdir='${docdir}'
prefix='/usr/local'
program_transform_name='s,x,x,'
psdir='${docdir}'
sbindir='${exec_prefix}/sbin'
sharedstatedir='${prefix}/com'
sysconfdir='${prefix}/etc'
target_alias=''
tarname = ${package}

## ----------- ##
## confdefs.h. ##
## ----------- ##

/* confdefs.h */
#define PACKAGE_NAME "oc-sp"
#define PACKAGE_TARNAME "oc-sp"
#define PACKAGE_VERSION "0.61"
#define PACKAGE_STRING "oc-sp 0.61"
#define PACKAGE_BUGREPORT "BUG-REPORT-ADDRESS"
#define PACKAGE_URL ""
#define PACKAGE "oc-sp"
#define VERSION "0.61"
#define R_PLATFORM "i686-pc-linux-gnu"
#define R_CPU "i686"
#define R_VENDOR "pc"
#define R_OS "linux-gnu"
#define Unix 1
#define STDC_HEADERS 1
#define HAVE_SYS_TYPES_H 1
#define HAVE_SYS_STAT_H 1
#define HAVE_STDLIB_H 1
#define HAVE_STRING_H 1
#define HAVE_MEMORY_H 1
#define HAVE_STRINGS_H 1
#define HAVE_INTTYPES_H 1
#define HAVE_STDINT_H 1
#define HAVE_UNISTD_H 1
#define HAVE_FLOAT_H 1
#define HAVE_LIMITS_H 1
#define HAVE_STDLIB_H 1
#define HAVE_STRING_H 1
#define HAVE_SYS_FILE_H 1
#define HAVE_SYS_TIME_H 1
#define HAVE_UNISTD_H 1
#define HAVE__BOOL 1
#define HAVE_STDBOOL_H 1
#define restrict __restrict
#define HAVE_FORK 1
#define HAVE_VFORK 1
#define HAVE_WORKING_VFORK 1
#define HAVE_WORKING_FORK 1
#define HAVE_STDLIB_H 1
#define HAVE_MALLOC 1
#define HAVE_STDLIB_H 1
#define HAVE_REALLOC 1
#define HAVE_STRCOLL 1
#define HAVE_WAIT3 1
#define HAVE_BZERO 1
#define HAVE_DUP2 1
#define HAVE_GETHOSTNAME 1
#define HAVE_GETPAGESIZE 1
#define HAVE_GETTIMEOFDAY 1
#define HAVE_MEMCHR 1
#define HAVE_MEMMOVE 1
#define HAVE_MEMSET 1
#define HAVE_STRCHR 1
#define HAVE_STRCSPN 1
#define HAVE_STRERROR 1
#define HAVE_STRPBRK 1
#define HAVE_STRRCHR 1
#define HAVE_STRSPN 1
#define HAVE_STRSTR 1

configure: exit 0
